# JRE version: OpenJDK Runtime Environment Temurin-21.0.10+7 (21.0.10+7) (build 21.0.10+7-LTS)
# Java VM: OpenJDK 64-Bit Server VM Temurin-21.0.10+7 (21.0.10+7-LTS, mixed mode, sharing, tiered, compressed oops, compressed class ptrs, parallel gc, windows-amd64)
GC Precious Log:
 CardTable entry size: 512
 CPUs: 8 total, 8 available
 Memory: 15610M
 Large Page Support: Disabled
 NUMA Support: Disabled
 Compressed Oops: Enabled (32-bit)
 Alignments: Space 512K, Generation 512K, Heap 2M
 Heap Min Capacity: 100M
 Heap Initial Capacity: 100M
 Heap Max Capacity: 2G
 Pre-touch: Disabled
 Parallel Workers: 8
Heap:
 PSYoungGen      total 3072K, used 1007K [0x00000000d5580000, 0x00000000d5980000, 0x0000000100000000)
  eden space 1536K, 40% used [0x00000000d5580000,0x00000000d561bef8,0x00000000d5700000)
  from space 1536K, 25% used [0x00000000d5700000,0x00000000d5760000,0x00000000d5880000)
  to   space 1024K, 0% used [0x00000000d5880000,0x00000000d5880000,0x00000000d5980000)
 ParOldGen       total 311808K, used 311444K [0x0000000080000000, 0x0000000093080000, 0x00000000d5580000)
  object space 311808K, 99% used [0x0000000080000000,0x0000000093025040,0x0000000093080000)
 Metaspace       used 85533K, committed 87232K, reserved 1179648K
  class space    used 10402K, committed 11136K, reserved 1048576K
GC Heap History (20 events):
Event: 49353.288 GC heap before
{Heap before GC invocations=2555 (full 4):
 PSYoungGen      total 8192K, used 8161K [0x00000000d5580000, 0x00000000d6080000, 0x0000000100000000)
  eden space 7168K, 100% used [0x00000000d5580000,0x00000000d5c80000,0x00000000d5c80000)
  from space 1024K, 97% used [0x00000000d5c80000,0x00000000d5d78748,0x00000000d5d80000)
  to   space 2048K, 0% used [0x00000000d5e80000,0x00000000d5e80000,0x00000000d6080000)
 ParOldGen       total 297472K, used 292837K [0x0000000080000000, 0x0000000092280000, 0x00000000d5580000)
  object space 297472K, 98% used [0x0000000080000000,0x0000000091df95c8,0x0000000092280000)
 Metaspace       used 85501K, committed 87232K, reserved 1179648K
  class space    used 10402K, committed 11136K, reserved 1048576K
}
Event: 49353.311 GC heap after
{Heap after GC invocations=2555 (full 4):
 PSYoungGen      total 3584K, used 2044K [0x00000000d5580000, 0x00000000d6b80000, 0x0000000100000000)
  eden space 1536K, 0% used [0x00000000d5580000,0x00000000d5580000,0x00000000d5700000)
  from space 2048K, 99% used [0x00000000d5e80000,0x00000000d607f3f8,0x00000000d6080000)
  to   space 7680K, 0% used [0x00000000d5700000,0x00000000d5700000,0x00000000d5e80000)
 ParOldGen       total 297472K, used 297272K [0x0000000080000000, 0x0000000092280000, 0x00000000d5580000)
  object space 297472K, 99% used [0x0000000080000000,0x000000009224e290,0x0000000092280000)
 Metaspace       used 85501K, committed 87232K, reserved 1179648K
  class space    used 10402K, committed 11136K, reserved 1048576K
}
Event: 49355.275 GC heap before
{Heap before GC invocations=2556 (full 4):
 PSYoungGen      total 3584K, used 3519K [0x00000000d5580000, 0x00000000d6b80000, 0x0000000100000000)
  eden space 1536K, 95% used [0x00000000d5580000,0x00000000d56f0848,0x00000000d5700000)
  from space 2048K, 99% used [0x00000000d5e80000,0x00000000d607f3f8,0x00000000d6080000)
  to   space 7680K, 0% used [0x00000000d5700000,0x00000000d5700000,0x00000000d5e80000)
 ParOldGen       total 297472K, used 297272K [0x0000000080000000, 0x0000000092280000, 0x00000000d5580000)
  object space 297472K, 99% used [0x0000000080000000,0x000000009224e290,0x0000000092280000)
 Metaspace       used 85501K, committed 87232K, reserved 1179648K
  class space    used 10402K, committed 11136K, reserved 1048576K
}
Event: 49355.283 GC heap after
{Heap after GC invocations=2556 (full 4):
 PSYoungGen      total 3072K, used 1450K [0x00000000d5580000, 0x00000000d5f00000, 0x0000000100000000)
  eden space 1536K, 0% used [0x00000000d5580000,0x00000000d5580000,0x00000000d5700000)
  from space 1536K, 94% used [0x00000000d5700000,0x00000000d586ab18,0x00000000d5880000)
  to   space 3584K, 0% used [0x00000000d5b80000,0x00000000d5b80000,0x00000000d5f00000)
 ParOldGen       total 299520K, used 299326K [0x0000000080000000, 0x0000000092480000, 0x00000000d5580000)
  object space 299520K, 99% used [0x0000000080000000,0x000000009244f928,0x0000000092480000)
 Metaspace       used 85501K, committed 87232K, reserved 1179648K
  class space    used 10402K, committed 11136K, reserved 1048576K
}
Event: 49356.423 GC heap before
{Heap before GC invocations=2557 (full 4):
 PSYoungGen      total 3072K, used 2982K [0x00000000d5580000, 0x00000000d5f00000, 0x0000000100000000)
  eden space 1536K, 99% used [0x00000000d5580000,0x00000000d56fede0,0x00000000d5700000)
  from space 1536K, 94% used [0x00000000d5700000,0x00000000d586ab18,0x00000000d5880000)
  to   space 3584K, 0% used [0x00000000d5b80000,0x00000000d5b80000,0x00000000d5f00000)
 ParOldGen       total 299520K, used 299326K [0x0000000080000000, 0x0000000092480000, 0x00000000d5580000)
  object space 299520K, 99% used [0x0000000080000000,0x000000009244f928,0x0000000092480000)
 Metaspace       used 85501K, committed 87232K, reserved 1179648K
  class space    used 10402K, committed 11136K, reserved 1048576K
}
Event: 49356.428 GC heap after
{Heap after GC invocations=2557 (full 4):
 PSYoungGen      total 3072K, used 1210K [0x00000000d5580000, 0x00000000d5d00000, 0x0000000100000000)
  eden space 1536K, 0% used [0x00000000d5580000,0x00000000d5580000,0x00000000d5700000)
  from space 1536K, 78% used [0x00000000d5b80000,0x00000000d5caeb10,0x00000000d5d00000)
  to   space 2048K, 0% used [0x00000000d5900000,0x00000000d5900000,0x00000000d5b00000)
 ParOldGen       total 301056K, used 300637K [0x0000000080000000, 0x0000000092600000, 0x00000000d5580000)
  object space 301056K, 99% used [0x0000000080000000,0x0000000092597558,0x0000000092600000)
 Metaspace       used 85501K, committed 87232K, reserved 1179648K
  class space    used 10402K, committed 11136K, reserved 1048576K
}
Event: 49362.024 GC heap before
{Heap before GC invocations=2558 (full 4):
 PSYoungGen      total 3072K, used 2746K [0x00000000d5580000, 0x00000000d5d00000, 0x0000000100000000)
  eden space 1536K, 100% used [0x00000000d5580000,0x00000000d5700000,0x00000000d5700000)
  from space 1536K, 78% used [0x00000000d5b80000,0x00000000d5caeb10,0x00000000d5d00000)
  to   space 2048K, 0% used [0x00000000d5900000,0x00000000d5900000,0x00000000d5b00000)
 ParOldGen       total 303104K, used 302621K [0x0000000080000000, 0x0000000092800000, 0x00000000d5580000)
  object space 303104K, 99% used [0x0000000080000000,0x0000000092787518,0x0000000092800000)
 Metaspace       used 85501K, committed 87232K, reserved 1179648K
  class space    used 10402K, committed 11136K, reserved 1048576K
}
Event: 49362.110 GC heap after
{Heap after GC invocations=2558 (full 4):
 PSYoungGen      total 3072K, used 1152K [0x00000000d5580000, 0x00000000d5c00000, 0x0000000100000000)
  eden space 1536K, 0% used [0x00000000d5580000,0x00000000d5580000,0x00000000d5700000)
  from space 1536K, 75% used [0x00000000d5900000,0x00000000d5a201c8,0x00000000d5a80000)
  to   space 1536K, 0% used [0x00000000d5a80000,0x00000000d5a80000,0x00000000d5c00000)
 ParOldGen       total 304128K, used 303707K [0x0000000080000000, 0x0000000092900000, 0x00000000d5580000)
  object space 304128K, 99% used [0x0000000080000000,0x0000000092896e70,0x0000000092900000)
 Metaspace       used 85501K, committed 87232K, reserved 1179648K
  class space    used 10402K, committed 11136K, reserved 1048576K
}
Event: 49368.654 GC heap before
{Heap before GC invocations=2559 (full 4):
 PSYoungGen      total 3072K, used 2674K [0x00000000d5580000, 0x00000000d5c00000, 0x0000000100000000)
  eden space 1536K, 99% used [0x00000000d5580000,0x00000000d56fc6c8,0x00000000d5700000)
  from space 1536K, 75% used [0x00000000d5900000,0x00000000d5a201c8,0x00000000d5a80000)
  to   space 1536K, 0% used [0x00000000d5a80000,0x00000000d5a80000,0x00000000d5c00000)
 ParOldGen       total 304128K, used 303707K [0x0000000080000000, 0x0000000092900000, 0x00000000d5580000)
  object space 304128K, 99% used [0x0000000080000000,0x0000000092896e70,0x0000000092900000)
 Metaspace       used 85501K, committed 87232K, reserved 1179648K
  class space    used 10402K, committed 11136K, reserved 1048576K
}
Event: 49368.657 GC heap after
{Heap after GC invocations=2559 (full 4):
 PSYoungGen      total 3072K, used 1237K [0x00000000d5580000, 0x00000000d5c00000, 0x0000000100000000)
  eden space 1536K, 0% used [0x00000000d5580000,0x00000000d5580000,0x00000000d5700000)
  from space 1536K, 80% used [0x00000000d5a80000,0x00000000d5bb5488,0x00000000d5c00000)
  to   space 1536K, 0% used [0x00000000d5900000,0x00000000d5900000,0x00000000d5a80000)
 ParOldGen       total 305152K, used 304700K [0x0000000080000000, 0x0000000092a00000, 0x00000000d5580000)
  object space 305152K, 99% used [0x0000000080000000,0x000000009298f258,0x0000000092a00000)
 Metaspace       used 85501K, committed 87232K, reserved 1179648K
  class space    used 10402K, committed 11136K, reserved 1048576K
}
Event: 49375.983 GC heap before
{Heap before GC invocations=2560 (full 4):
 PSYoungGen      total 3072K, used 2773K [0x00000000d5580000, 0x00000000d5c00000, 0x0000000100000000)
  eden space 1536K, 100% used [0x00000000d5580000,0x00000000d5700000,0x00000000d5700000)
  from space 1536K, 80% used [0x00000000d5a80000,0x00000000d5bb5488,0x00000000d5c00000)
  to   space 1536K, 0% used [0x00000000d5900000,0x00000000d5900000,0x00000000d5a80000)
 ParOldGen       total 305152K, used 304700K [0x0000000080000000, 0x0000000092a00000, 0x00000000d5580000)
  object space 305152K, 99% used [0x0000000080000000,0x000000009298f258,0x0000000092a00000)
 Metaspace       used 85505K, committed 87232K, reserved 1179648K
  class space    used 10402K, committed 11136K, reserved 1048576K
}
Event: 49375.986 GC heap after
{Heap after GC invocations=2560 (full 4):
 PSYoungGen      total 3072K, used 1409K [0x00000000d5580000, 0x00000000d5b00000, 0x0000000100000000)
  eden space 1536K, 0% used [0x00000000d5580000,0x00000000d5580000,0x00000000d5700000)
  from space 1536K, 91% used [0x00000000d5900000,0x00000000d5a605c8,0x00000000d5a80000)
  to   space 512K, 0% used [0x00000000d5a80000,0x00000000d5a80000,0x00000000d5b00000)
 ParOldGen       total 306176K, used 305816K [0x0000000080000000, 0x0000000092b00000, 0x00000000d5580000)
  object space 306176K, 99% used [0x0000000080000000,0x0000000092aa6250,0x0000000092b00000)
 Metaspace       used 85505K, committed 87232K, reserved 1179648K
  class space    used 10402K, committed 11136K, reserved 1048576K
}
Event: 49377.479 GC heap before
{Heap before GC invocations=2561 (full 4):
 PSYoungGen      total 3072K, used 2925K [0x00000000d5580000, 0x00000000d5b00000, 0x0000000100000000)
  eden space 1536K, 98% used [0x00000000d5580000,0x00000000d56fb040,0x00000000d5700000)
  from space 1536K, 91% used [0x00000000d5900000,0x00000000d5a605c8,0x00000000d5a80000)
  to   space 512K, 0% used [0x00000000d5a80000,0x00000000d5a80000,0x00000000d5b00000)
 ParOldGen       total 308224K, used 307432K [0x0000000080000000, 0x0000000092d00000, 0x00000000d5580000)
  object space 308224K, 99% used [0x0000000080000000,0x0000000092c3a200,0x0000000092d00000)
 Metaspace       used 85505K, committed 87232K, reserved 1179648K
  class space    used 10402K, committed 11136K, reserved 1048576K
}
Event: 49377.483 GC heap after
{Heap after GC invocations=2561 (full 4):
 PSYoungGen      total 2048K, used 480K [0x00000000d5580000, 0x00000000d5c00000, 0x0000000100000000)
  eden space 1536K, 0% used [0x00000000d5580000,0x00000000d5580000,0x00000000d5700000)
  from space 512K, 93% used [0x00000000d5a80000,0x00000000d5af8280,0x00000000d5b00000)
  to   space 2560K, 0% used [0x00000000d5700000,0x00000000d5700000,0x00000000d5980000)
 ParOldGen       total 309248K, used 309133K [0x0000000080000000, 0x0000000092e00000, 0x00000000d5580000)
  object space 309248K, 99% used [0x0000000080000000,0x0000000092de3538,0x0000000092e00000)
 Metaspace       used 85505K, committed 87232K, reserved 1179648K
  class space    used 10402K, committed 11136K, reserved 1048576K
}
Event: 49384.224 GC heap before
{Heap before GC invocations=2562 (full 4):
 PSYoungGen      total 2048K, used 2016K [0x00000000d5580000, 0x00000000d5c00000, 0x0000000100000000)
  eden space 1536K, 100% used [0x00000000d5580000,0x00000000d5700000,0x00000000d5700000)
  from space 512K, 93% used [0x00000000d5a80000,0x00000000d5af8280,0x00000000d5b00000)
  to   space 2560K, 0% used [0x00000000d5700000,0x00000000d5700000,0x00000000d5980000)
 ParOldGen       total 309248K, used 309133K [0x0000000080000000, 0x0000000092e00000, 0x00000000d5580000)
  object space 309248K, 99% used [0x0000000080000000,0x0000000092de3538,0x0000000092e00000)
 Metaspace       used 85507K, committed 87232K, reserved 1179648K
  class space    used 10402K, committed 11136K, reserved 1048576K
}
Event: 49384.249 GC heap after
{Heap after GC invocations=2562 (full 4):
 PSYoungGen      total 3072K, used 1209K [0x00000000d5580000, 0x00000000d5b00000, 0x0000000100000000)
  eden space 1536K, 0% used [0x00000000d5580000,0x00000000d5580000,0x00000000d5700000)
  from space 1536K, 78% used [0x00000000d5700000,0x00000000d582e7e0,0x00000000d5880000)
  to   space 2048K, 0% used [0x00000000d5900000,0x00000000d5900000,0x00000000d5b00000)
 ParOldGen       total 309760K, used 309632K [0x0000000080000000, 0x0000000092e80000, 0x00000000d5580000)
  object space 309760K, 99% used [0x0000000080000000,0x0000000092e603b8,0x0000000092e80000)
 Metaspace       used 85507K, committed 87232K, reserved 1179648K
  class space    used 10402K, committed 11136K, reserved 1048576K
}
Event: 49384.519 GC heap before
{Heap before GC invocations=2563 (full 4):
 PSYoungGen      total 3072K, used 2745K [0x00000000d5580000, 0x00000000d5b00000, 0x0000000100000000)
  eden space 1536K, 100% used [0x00000000d5580000,0x00000000d5700000,0x00000000d5700000)
  from space 1536K, 78% used [0x00000000d5700000,0x00000000d582e7e0,0x00000000d5880000)
  to   space 2048K, 0% used [0x00000000d5900000,0x00000000d5900000,0x00000000d5b00000)
 ParOldGen       total 309760K, used 309632K [0x0000000080000000, 0x0000000092e80000, 0x00000000d5580000)
  object space 309760K, 99% used [0x0000000080000000,0x0000000092e603b8,0x0000000092e80000)
 Metaspace       used 85508K, committed 87232K, reserved 1179648K
  class space    used 10402K, committed 11136K, reserved 1048576K
}
Event: 49384.525 GC heap after
{Heap after GC invocations=2563 (full 4):
 PSYoungGen      total 2560K, used 896K [0x00000000d5580000, 0x00000000d5a00000, 0x0000000100000000)
  eden space 1536K, 0% used [0x00000000d5580000,0x00000000d5580000,0x00000000d5700000)
  from space 1024K, 87% used [0x00000000d5900000,0x00000000d59e0000,0x00000000d5a00000)
  to   space 1536K, 0% used [0x00000000d5700000,0x00000000d5700000,0x00000000d5880000)
 ParOldGen       total 310784K, used 310700K [0x0000000080000000, 0x0000000092f80000, 0x00000000d5580000)
  object space 310784K, 99% used [0x0000000080000000,0x0000000092f6b040,0x0000000092f80000)
 Metaspace       used 85508K, committed 87232K, reserved 1179648K
  class space    used 10402K, committed 11136K, reserved 1048576K
}
Event: 49384.799 GC heap before
{Heap before GC invocations=2564 (full 4):
 PSYoungGen      total 2560K, used 2432K [0x00000000d5580000, 0x00000000d5a00000, 0x0000000100000000)
  eden space 1536K, 100% used [0x00000000d5580000,0x00000000d5700000,0x00000000d5700000)
  from space 1024K, 87% used [0x00000000d5900000,0x00000000d59e0000,0x00000000d5a00000)
  to   space 1536K, 0% used [0x00000000d5700000,0x00000000d5700000,0x00000000d5880000)
 ParOldGen       total 310784K, used 310700K [0x0000000080000000, 0x0000000092f80000, 0x00000000d5580000)
  object space 310784K, 99% used [0x0000000080000000,0x0000000092f6b040,0x0000000092f80000)
 Metaspace       used 85518K, committed 87232K, reserved 1179648K
  class space    used 10402K, committed 11136K, reserved 1048576K
}
Event: 49384.812 GC heap after
{Heap after GC invocations=2564 (full 4):
 PSYoungGen      total 3072K, used 384K [0x00000000d5580000, 0x00000000d5980000, 0x0000000100000000)
  eden space 1536K, 0% used [0x00000000d5580000,0x00000000d5580000,0x00000000d5700000)
  from space 1536K, 25% used [0x00000000d5700000,0x00000000d5760000,0x00000000d5880000)
  to   space 1024K, 0% used [0x00000000d5880000,0x00000000d5880000,0x00000000d5980000)
 ParOldGen       total 311808K, used 311444K [0x0000000080000000, 0x0000000093080000, 0x00000000d5580000)
  object space 311808K, 99% used [0x0000000080000000,0x0000000093025040,0x0000000093080000)
 Metaspace       used 85518K, committed 87232K, reserved 1179648K
  class space    used 10402K, committed 11136K, reserved 1048576K
}

